<?xml version="1.0" encoding="UTF-8"?>
<testng-results skipped="3" failed="0" ignored="0" total="3" passed="0">
  <reporter-output>
  </reporter-output>
  <suite name="Default suite" duration-ms="1754" started-at="2019-10-16T07:30:17Z" finished-at="2019-10-16T07:30:19Z">
    <groups>
    </groups>
    <test name="Default test" duration-ms="1754" started-at="2019-10-16T07:30:17Z" finished-at="2019-10-16T07:30:19Z">
      <class name="tests.HomePageTest">
        <test-method status="FAIL" signature="startAppiumServer(java.lang.String, java.lang.String)[pri:0, instance:tests.HomePageTest@23282c25]" name="startAppiumServer" is-config="true" duration-ms="0" started-at="2019-10-16T07:30:17Z" finished-at="2019-10-16T07:30:17Z">
          <exception class="org.testng.TestNGException">
            <message>
              <![CDATA[
Parameter 'platformType' is required by BeforeTest on method startAppiumServer but has not been marked @Optional or defined
in C:\Users\Chandrasekhar\AppData\Local\Temp\testng-eclipse-2124031391\testng-customsuite.xml]]>
            </message>
            <full-stacktrace>
              <![CDATA[org.testng.TestNGException: 
Parameter 'platformType' is required by BeforeTest on method startAppiumServer but has not been marked @Optional or defined
in C:\Users\Chandrasekhar\AppData\Local\Temp\testng-eclipse-2124031391\testng-customsuite.xml
at org.testng.internal.Parameters.createParams(Parameters.java:290)
at org.testng.internal.Parameters.createParametersForMethod(Parameters.java:359)
at org.testng.internal.Parameters.createParameters(Parameters.java:620)
at org.testng.internal.Parameters.createConfigurationParameters(Parameters.java:190)
at org.testng.internal.Invoker.invokeConfigurations(Invoker.java:209)
at org.testng.internal.Invoker.invokeConfigurations(Invoker.java:142)
at org.testng.TestRunner.beforeRun(TestRunner.java:529)
at org.testng.TestRunner.run(TestRunner.java:497)
at org.testng.SuiteRunner.runTest(SuiteRunner.java:455)
at org.testng.SuiteRunner.runSequentially(SuiteRunner.java:450)
at org.testng.SuiteRunner.privateRun(SuiteRunner.java:415)
at org.testng.SuiteRunner.run(SuiteRunner.java:364)
at org.testng.SuiteRunnerWorker.runSuite(SuiteRunnerWorker.java:52)
at org.testng.SuiteRunnerWorker.run(SuiteRunnerWorker.java:84)
at org.testng.TestNG.runSuitesSequentially(TestNG.java:1208)
at org.testng.TestNG.runSuitesLocally(TestNG.java:1137)
at org.testng.TestNG.runSuites(TestNG.java:1049)
at org.testng.TestNG.run(TestNG.java:1017)
at org.testng.remote.AbstractRemoteTestNG.run(AbstractRemoteTestNG.java:115)
at org.testng.remote.RemoteTestNG.initAndRun(RemoteTestNG.java:251)
at org.testng.remote.RemoteTestNG.main(RemoteTestNG.java:77)
]]>
            </full-stacktrace>
          </exception> <!-- org.testng.TestNGException -->
          <reporter-output>
          </reporter-output>
        </test-method> <!-- startAppiumServer -->
        <test-method status="SKIP" signature="setupDriver(java.lang.String, java.lang.String, java.lang.String)[pri:0, instance:tests.HomePageTest@23282c25]" name="setupDriver" is-config="true" duration-ms="0" started-at="2019-10-16T07:30:17Z" finished-at="2019-10-16T07:30:17Z">
          <reporter-output>
          </reporter-output>
        </test-method> <!-- setupDriver -->
        <test-method status="SKIP" signature="checktitlepage()[pri:0, instance:tests.HomePageTest@23282c25]" name="checktitlepage" duration-ms="0" started-at="2019-10-16T07:30:17Z" description="testing the signin page visually" finished-at="2019-10-16T07:30:17Z">
          <exception class="org.testng.TestNGException">
            <message>
              <![CDATA[
Parameter 'platformType' is required by BeforeTest on method startAppiumServer but has not been marked @Optional or defined
in C:\Users\Chandrasekhar\AppData\Local\Temp\testng-eclipse-2124031391\testng-customsuite.xml]]>
            </message>
            <full-stacktrace>
              <![CDATA[org.testng.TestNGException: 
Parameter 'platformType' is required by BeforeTest on method startAppiumServer but has not been marked @Optional or defined
in C:\Users\Chandrasekhar\AppData\Local\Temp\testng-eclipse-2124031391\testng-customsuite.xml
at org.testng.internal.Parameters.createParams(Parameters.java:290)
at org.testng.internal.Parameters.createParametersForMethod(Parameters.java:359)
at org.testng.internal.Parameters.createParameters(Parameters.java:620)
at org.testng.internal.Parameters.createConfigurationParameters(Parameters.java:190)
at org.testng.internal.Invoker.invokeConfigurations(Invoker.java:209)
at org.testng.internal.Invoker.invokeConfigurations(Invoker.java:142)
at org.testng.TestRunner.beforeRun(TestRunner.java:529)
at org.testng.TestRunner.run(TestRunner.java:497)
at org.testng.SuiteRunner.runTest(SuiteRunner.java:455)
at org.testng.SuiteRunner.runSequentially(SuiteRunner.java:450)
at org.testng.SuiteRunner.privateRun(SuiteRunner.java:415)
at org.testng.SuiteRunner.run(SuiteRunner.java:364)
at org.testng.SuiteRunnerWorker.runSuite(SuiteRunnerWorker.java:52)
at org.testng.SuiteRunnerWorker.run(SuiteRunnerWorker.java:84)
at org.testng.TestNG.runSuitesSequentially(TestNG.java:1208)
at org.testng.TestNG.runSuitesLocally(TestNG.java:1137)
at org.testng.TestNG.runSuites(TestNG.java:1049)
at org.testng.TestNG.run(TestNG.java:1017)
at org.testng.remote.AbstractRemoteTestNG.run(AbstractRemoteTestNG.java:115)
at org.testng.remote.RemoteTestNG.initAndRun(RemoteTestNG.java:251)
at org.testng.remote.RemoteTestNG.main(RemoteTestNG.java:77)
]]>
            </full-stacktrace>
          </exception> <!-- org.testng.TestNGException -->
          <reporter-output>
          </reporter-output>
        </test-method> <!-- checktitlepage -->
        <test-method status="SKIP" signature="teardownDriver()[pri:0, instance:tests.HomePageTest@23282c25]" name="teardownDriver" is-config="true" duration-ms="0" started-at="2019-10-16T07:30:19Z" finished-at="2019-10-16T07:30:19Z">
          <reporter-output>
          </reporter-output>
        </test-method> <!-- teardownDriver -->
        <test-method status="SKIP" signature="setupDriver(java.lang.String, java.lang.String, java.lang.String)[pri:0, instance:tests.HomePageTest@23282c25]" name="setupDriver" is-config="true" duration-ms="0" started-at="2019-10-16T07:30:19Z" finished-at="2019-10-16T07:30:19Z">
          <reporter-output>
          </reporter-output>
        </test-method> <!-- setupDriver -->
        <test-method status="SKIP" signature="clickfirstpage()[pri:0, instance:tests.HomePageTest@23282c25]" name="clickfirstpage" duration-ms="0" started-at="2019-10-16T07:30:19Z" description="testing the signup page visually" finished-at="2019-10-16T07:30:19Z">
          <exception class="org.testng.TestNGException">
            <message>
              <![CDATA[
Parameter 'platformType' is required by BeforeTest on method startAppiumServer but has not been marked @Optional or defined
in C:\Users\Chandrasekhar\AppData\Local\Temp\testng-eclipse-2124031391\testng-customsuite.xml]]>
            </message>
            <full-stacktrace>
              <![CDATA[org.testng.TestNGException: 
Parameter 'platformType' is required by BeforeTest on method startAppiumServer but has not been marked @Optional or defined
in C:\Users\Chandrasekhar\AppData\Local\Temp\testng-eclipse-2124031391\testng-customsuite.xml
at org.testng.internal.Parameters.createParams(Parameters.java:290)
at org.testng.internal.Parameters.createParametersForMethod(Parameters.java:359)
at org.testng.internal.Parameters.createParameters(Parameters.java:620)
at org.testng.internal.Parameters.createConfigurationParameters(Parameters.java:190)
at org.testng.internal.Invoker.invokeConfigurations(Invoker.java:209)
at org.testng.internal.Invoker.invokeConfigurations(Invoker.java:142)
at org.testng.TestRunner.beforeRun(TestRunner.java:529)
at org.testng.TestRunner.run(TestRunner.java:497)
at org.testng.SuiteRunner.runTest(SuiteRunner.java:455)
at org.testng.SuiteRunner.runSequentially(SuiteRunner.java:450)
at org.testng.SuiteRunner.privateRun(SuiteRunner.java:415)
at org.testng.SuiteRunner.run(SuiteRunner.java:364)
at org.testng.SuiteRunnerWorker.runSuite(SuiteRunnerWorker.java:52)
at org.testng.SuiteRunnerWorker.run(SuiteRunnerWorker.java:84)
at org.testng.TestNG.runSuitesSequentially(TestNG.java:1208)
at org.testng.TestNG.runSuitesLocally(TestNG.java:1137)
at org.testng.TestNG.runSuites(TestNG.java:1049)
at org.testng.TestNG.run(TestNG.java:1017)
at org.testng.remote.AbstractRemoteTestNG.run(AbstractRemoteTestNG.java:115)
at org.testng.remote.RemoteTestNG.initAndRun(RemoteTestNG.java:251)
at org.testng.remote.RemoteTestNG.main(RemoteTestNG.java:77)
]]>
            </full-stacktrace>
          </exception> <!-- org.testng.TestNGException -->
          <reporter-output>
          </reporter-output>
        </test-method> <!-- clickfirstpage -->
        <test-method status="SKIP" signature="teardownDriver()[pri:0, instance:tests.HomePageTest@23282c25]" name="teardownDriver" is-config="true" duration-ms="0" started-at="2019-10-16T07:30:19Z" finished-at="2019-10-16T07:30:19Z">
          <reporter-output>
          </reporter-output>
        </test-method> <!-- teardownDriver -->
        <test-method status="SKIP" signature="setupDriver(java.lang.String, java.lang.String, java.lang.String)[pri:0, instance:tests.HomePageTest@23282c25]" name="setupDriver" is-config="true" duration-ms="0" started-at="2019-10-16T07:30:19Z" finished-at="2019-10-16T07:30:19Z">
          <reporter-output>
          </reporter-output>
        </test-method> <!-- setupDriver -->
        <test-method status="SKIP" signature="clicksection1()[pri:0, instance:tests.HomePageTest@23282c25]" name="clicksection1" duration-ms="0" started-at="2019-10-16T07:30:19Z" description="testing the signup page visually" finished-at="2019-10-16T07:30:19Z">
          <exception class="org.testng.TestNGException">
            <message>
              <![CDATA[
Parameter 'platformType' is required by BeforeTest on method startAppiumServer but has not been marked @Optional or defined
in C:\Users\Chandrasekhar\AppData\Local\Temp\testng-eclipse-2124031391\testng-customsuite.xml]]>
            </message>
            <full-stacktrace>
              <![CDATA[org.testng.TestNGException: 
Parameter 'platformType' is required by BeforeTest on method startAppiumServer but has not been marked @Optional or defined
in C:\Users\Chandrasekhar\AppData\Local\Temp\testng-eclipse-2124031391\testng-customsuite.xml
at org.testng.internal.Parameters.createParams(Parameters.java:290)
at org.testng.internal.Parameters.createParametersForMethod(Parameters.java:359)
at org.testng.internal.Parameters.createParameters(Parameters.java:620)
at org.testng.internal.Parameters.createConfigurationParameters(Parameters.java:190)
at org.testng.internal.Invoker.invokeConfigurations(Invoker.java:209)
at org.testng.internal.Invoker.invokeConfigurations(Invoker.java:142)
at org.testng.TestRunner.beforeRun(TestRunner.java:529)
at org.testng.TestRunner.run(TestRunner.java:497)
at org.testng.SuiteRunner.runTest(SuiteRunner.java:455)
at org.testng.SuiteRunner.runSequentially(SuiteRunner.java:450)
at org.testng.SuiteRunner.privateRun(SuiteRunner.java:415)
at org.testng.SuiteRunner.run(SuiteRunner.java:364)
at org.testng.SuiteRunnerWorker.runSuite(SuiteRunnerWorker.java:52)
at org.testng.SuiteRunnerWorker.run(SuiteRunnerWorker.java:84)
at org.testng.TestNG.runSuitesSequentially(TestNG.java:1208)
at org.testng.TestNG.runSuitesLocally(TestNG.java:1137)
at org.testng.TestNG.runSuites(TestNG.java:1049)
at org.testng.TestNG.run(TestNG.java:1017)
at org.testng.remote.AbstractRemoteTestNG.run(AbstractRemoteTestNG.java:115)
at org.testng.remote.RemoteTestNG.initAndRun(RemoteTestNG.java:251)
at org.testng.remote.RemoteTestNG.main(RemoteTestNG.java:77)
]]>
            </full-stacktrace>
          </exception> <!-- org.testng.TestNGException -->
          <reporter-output>
          </reporter-output>
        </test-method> <!-- clicksection1 -->
        <test-method status="SKIP" signature="teardownDriver()[pri:0, instance:tests.HomePageTest@23282c25]" name="teardownDriver" is-config="true" duration-ms="0" started-at="2019-10-16T07:30:19Z" finished-at="2019-10-16T07:30:19Z">
          <reporter-output>
          </reporter-output>
        </test-method> <!-- teardownDriver -->
        <test-method status="SKIP" signature="stopAppiumServer(java.lang.String, java.lang.String)[pri:0, instance:tests.HomePageTest@23282c25]" name="stopAppiumServer" is-config="true" duration-ms="0" started-at="2019-10-16T07:30:19Z" finished-at="2019-10-16T07:30:19Z">
          <reporter-output>
          </reporter-output>
        </test-method> <!-- stopAppiumServer -->
      </class> <!-- tests.HomePageTest -->
    </test> <!-- Default test -->
  </suite> <!-- Default suite -->
</testng-results>
